{"total": {"lines":{"total":58,"covered":58,"skipped":0,"pct":100},"statements":{"total":58,"covered":58,"skipped":0,"pct":100},"functions":{"total":4,"covered":4,"skipped":0,"pct":100},"branches":{"total":18,"covered":17,"skipped":0,"pct":94.44},"branchesTrue":{"total":0,"covered":0,"skipped":0,"pct":"Unknown"}}
,"/Users/arielschwindt/tp05-demo/practica-tp5/frontend/src/lib/tareas.js": {"lines":{"total":58,"covered":58,"skipped":0,"pct":100},"functions":{"total":4,"covered":4,"skipped":0,"pct":100},"statements":{"total":58,"covered":58,"skipped":0,"pct":100},"branches":{"total":18,"covered":17,"skipped":0,"pct":94.44}}
}
