TN:
SF:src/lib/tareas.js
FN:11,validarTitulo
FN:26,ordenarTareas
FN:39,pendientesDe
FNF:3
FNH:3
FNDA:6,validarTitulo
FNDA:1,ordenarTareas
FNDA:3,pendientesDe
DA:1,1
DA:2,1
DA:4,1
DA:6,1
DA:7,1
DA:8,1
DA:9,1
DA:10,1
DA:11,1
DA:12,6
DA:13,6
DA:14,4
DA:15,4
DA:16,6
DA:17,1
DA:18,1
DA:19,1
DA:20,1
DA:22,1
DA:23,1
DA:24,1
DA:25,1
DA:26,1
DA:27,1
DA:28,4
DA:29,4
DA:30,1
DA:31,1
DA:33,1
DA:34,1
DA:35,1
DA:36,1
DA:37,1
DA:38,1
DA:39,1
DA:40,3
DA:41,3
DA:42,3
LF:38
LH:38
BRDA:11,0,0,6
BRDA:12,1,0,1
BRDA:13,2,0,4
BRDA:15,3,0,2
BRDA:16,4,0,1
BRDA:26,5,0,1
BRDA:27,6,0,4
BRDA:29,7,0,0
BRDA:39,8,0,3
BRDA:41,9,0,3
BRF:10
BRH:9
end_of_record
