TN:
SF:src/lib/tareas.js
FN:11,validarTitulo
FN:26,ordenarTareas
FN:39,pendientesDe
FN:48,prioridadDe
FNF:4
FNH:4
FNDA:6,validarTitulo
FNDA:1,ordenarTareas
FNDA:3,pendientesDe
FNDA:5,prioridadDe
DA:1,1
DA:2,1
DA:4,1
DA:6,1
DA:7,1
DA:8,1
DA:9,1
DA:10,1
DA:11,1
DA:12,6
DA:13,6
DA:14,4
DA:15,4
DA:16,6
DA:17,1
DA:18,1
DA:19,1
DA:20,1
DA:22,1
DA:23,1
DA:24,1
DA:25,1
DA:26,1
DA:27,1
DA:28,4
DA:29,4
DA:30,1
DA:31,1
DA:33,1
DA:34,1
DA:35,1
DA:36,1
DA:37,1
DA:38,1
DA:39,1
DA:40,3
DA:41,3
DA:42,3
DA:44,1
DA:45,1
DA:46,1
DA:47,1
DA:48,1
DA:49,5
DA:50,1
DA:51,1
DA:52,4
DA:53,5
DA:54,1
DA:55,1
DA:56,5
DA:57,1
DA:58,1
DA:59,5
DA:60,1
DA:61,1
DA:62,1
DA:63,1
LF:58
LH:58
BRDA:11,0,0,6
BRDA:12,1,0,1
BRDA:13,2,0,4
BRDA:15,3,0,2
BRDA:16,4,0,1
BRDA:26,5,0,1
BRDA:27,6,0,4
BRDA:29,7,0,0
BRDA:39,8,0,3
BRDA:41,9,0,3
BRDA:48,10,0,5
BRDA:49,11,0,1
BRDA:51,12,0,4
BRDA:53,13,0,1
BRDA:55,14,0,3
BRDA:56,15,0,1
BRDA:58,16,0,2
BRDA:59,17,0,1
BRF:18
BRH:17
end_of_record
